<html>
<head>
<title>TestNG:  Default test</title>
<link href="../testng.css" rel="stylesheet" type="text/css" />
<link href="../my-testng.css" rel="stylesheet" type="text/css" />

<style type="text/css">
.log { display: none;} 
.stack-trace { display: none;} 
</style>
<script type="text/javascript">
<!--
function flip(e) {
  current = e.style.display;
  if (current == 'block') {
    e.style.display = 'none';
    return 0;
  }
  else {
    e.style.display = 'block';
    return 1;
  }
}

function toggleBox(szDivId, elem, msg1, msg2)
{
  var res = -1;  if (document.getElementById) {
    res = flip(document.getElementById(szDivId));
  }
  else if (document.all) {
    // this is the way old msie versions work
    res = flip(document.all[szDivId]);
  }
  if(elem) {
    if(res == 0) elem.innerHTML = msg1; else elem.innerHTML = msg2;
  }

}

function toggleAllBoxes() {
  if (document.getElementsByTagName) {
    d = document.getElementsByTagName('div');
    for (i = 0; i < d.length; i++) {
      if (d[i].className == 'log') {
        flip(d[i]);
      }
    }
  }
}

// -->
</script>

</head>
<body>
<h2 align='center'>Default test</h2><table border='1' align="center">
<tr>
<td>Tests passed/Failed/Skipped:</td><td>0/4/0</td>
</tr><tr>
<td>Started on:</td><td>Wed Jul 16 20:35:35 IST 2025</td>
</tr>
<tr><td>Total time:</td><td>51 seconds (51581 ms)</td>
</tr><tr>
<td>Included groups:</td><td></td>
</tr><tr>
<td>Excluded groups:</td><td></td>
</tr>
</table><p/>
<small><i>(Hover the method name to see the test class name)</i></small><p/>
<table width='100%' border='1' class='invocation-failed'>
<tr><td colspan='4' align='center'><b>FAILED TESTS</b></td></tr>
<tr><td><b>Test method</b></td>
<td><b>Attribute(s)</b></td>
<td width="30%"><b>Exception</b></td>
<td width="10%"><b>Time (seconds)</b></td>
<td><b>Instance</b></td>
</tr>
<tr>
<td title='runner.TestRunner.runScenario()'><b>runScenario</b><br>Test class: runner.TestRunner<br>Test method: Runs Cucumber Scenarios<br>Parameters: "User login with valid email id & valid password", "Login functionality"</td>
<td><div><pre>java.lang.NullPointerException: Cannot invoke &quot;org.openqa.selenium.SearchContext.findElement(org.openqa.selenium.By)&quot; because &quot;this.searchContext&quot; is null
	at org.openqa.selenium.support.pagefactory.DefaultElementLocator.findElement(DefaultElementLocator.java:68)
	at org.openqa.selenium.support.pagefactory.internal.LocatingElementHandler.invoke(LocatingElementHandler.java:38)
	at jdk.proxy2/jdk.proxy2.$Proxy26.toString(Unknown Source)
	at java.base/java.lang.String.valueOf(String.java:4218)
	at utils.ElementUtils.clickOnElement(ElementUtils.java:62)
	at pages.AT_LoginPage.clickOnSignInByMailButton(AT_LoginPage.java:47)
	at stepdefinitions.AT_SD_Login.user_clicks_on_sign_in_with_email_button(AT_SD_Login.java:30)
	at ✽.User clicks on Signup / Login with Email button(file:///D:/Github%20repositories%20folder%20for%20Eclipse/AFP/MMT_V1/src/test/resources/features/AT_Login.feature:6)
</pre></div><a href='#' onClick='toggleBox("stack-trace535602681", this, "Click to show all stack frames", "Click to hide stack frames")'>Click to show all stack frames</a>
<div class='stack-trace' id='stack-trace535602681'><pre>java.lang.NullPointerException: Cannot invoke &quot;org.openqa.selenium.SearchContext.findElement(org.openqa.selenium.By)&quot; because &quot;this.searchContext&quot; is null
	at org.openqa.selenium.support.pagefactory.DefaultElementLocator.findElement(DefaultElementLocator.java:68)
	at org.openqa.selenium.support.pagefactory.internal.LocatingElementHandler.invoke(LocatingElementHandler.java:38)
	at jdk.proxy2/jdk.proxy2.$Proxy26.toString(Unknown Source)
	at java.base/java.lang.String.valueOf(String.java:4218)
	at utils.ElementUtils.clickOnElement(ElementUtils.java:62)
	at pages.AT_LoginPage.clickOnSignInByMailButton(AT_LoginPage.java:47)
	at stepdefinitions.AT_SD_Login.user_clicks_on_sign_in_with_email_button(AT_SD_Login.java:30)
	at ✽.User clicks on Signup / Login with Email button(file:///D:/Github%20repositories%20folder%20for%20Eclipse/AFP/MMT_V1/src/test/resources/features/AT_Login.feature:6)
</pre></div></td>
<td>49</td>
<td>runner.TestRunner@229c6181</td></tr>
<tr>
<td title='runner.TestRunner.runScenario()'><b>runScenario</b><br>Test class: runner.TestRunner<br>Test method: Runs Cucumber Scenarios<br>Parameters: "User login with invalid email id & valid password", "Login functionality"</td>
<td><div><pre>io.cucumber.testng.UndefinedStepException: The step &apos;User clicks on Signup / Login In with Email button&apos; and 1 other step(s) are undefined.
You can implement these steps using the snippet(s) below:

@When(&quot;User clicks on Signup \\/ Login In with Email button&quot;)
public void user_clicks_on_signup_login_in_with_email_button() {
    // Write code here that turns the phrase above into concrete actions
    throw new io.cucumber.java.PendingException();
}
@When(&quot;User enters invalid email address testqa0012345@ymail.com into email field&quot;)
public void user_enters_invalid_email_address_testqa0012345_ymail_com_into_email_field() {
    // Write code here that turns the phrase above into concrete actions
    throw new io.cucumber.java.PendingException();
}

	at io.cucumber.core.runtime.TestCaseResultObserver.assertTestCasePassed(TestCaseResultObserver.java:69)
	at io.cucumber.testng.TestCaseResultObserver.assertTestCasePassed(TestCaseResultObserver.java:23)
	at io.cucumber.testng.TestNGCucumberRunner.lambda$runScenario$1(TestNGCucumberRunner.java:136)
	at io.cucumber.core.runtime.CucumberExecutionContext.lambda$runTestCase$5(CucumberExecutionContext.java:136)
	at io.cucumber.core.runtime.RethrowingThrowableCollector.executeAndThrow(RethrowingThrowableCollector.java:23)
	at io.cucumber.core.runtime.CucumberExecutionContext.runTestCase(CucumberExecutionContext.java:136)
	at io.cucumber.testng.TestNGCucumberRunner.runScenario(TestNGCucumberRunner.java:132)
	at io.cucumber.testng.AbstractTestNGCucumberTests.runScenario(AbstractTestNGCucumberTests.java:35)
	at java.base/jdk.internal.reflect.NativeMethodAccessorImpl.invoke0(Native Method)
	at java.base/jdk.internal.reflect.NativeMethodAccessorImpl.invoke(NativeMethodAccessorImpl.java:77)
	at java.base/jdk.internal.reflect.DelegatingMethodAccessorImpl.invoke(DelegatingMethodAccessorImpl.java:43)
	at java.base/java.lang.reflect.Method.invoke(Method.java:568)
	at org.testng.internal.invokers.MethodInvocationHelper.invokeMethod(MethodInvocationHelper.java:141)
	at org.testng.internal.invokers.TestInvoker.invokeMethod(TestInvoker.java:687)
	at org.testng.internal.invokers.TestInvoker.invokeTestMethod(TestInvoker.java:230)
	at org.testng.internal.invokers.TestMethodWithDataProviderMethodWorker.call(TestMethodWithDataProviderMethodWorker.java:81)
	at org.testng.internal.thread.Async$AsyncTask.run(Async.java:34)
	at java.base/java.util.concurrent.ThreadPoolExecutor.runWorker(ThreadPoolExecutor.java:1136)
	at java.base/java.util.concurrent.ThreadPoolExecutor$Worker.run(ThreadPoolExecutor.java:635)
	at java.base/java.lang.Thread.run(Thread.java:833)
</pre></div><a href='#' onClick='toggleBox("stack-trace1301772958", this, "Click to show all stack frames", "Click to hide stack frames")'>Click to show all stack frames</a>
<div class='stack-trace' id='stack-trace1301772958'><pre>io.cucumber.testng.UndefinedStepException: The step &apos;User clicks on Signup / Login In with Email button&apos; and 1 other step(s) are undefined.
You can implement these steps using the snippet(s) below:

@When(&quot;User clicks on Signup \\/ Login In with Email button&quot;)
public void user_clicks_on_signup_login_in_with_email_button() {
    // Write code here that turns the phrase above into concrete actions
    throw new io.cucumber.java.PendingException();
}
@When(&quot;User enters invalid email address testqa0012345@ymail.com into email field&quot;)
public void user_enters_invalid_email_address_testqa0012345_ymail_com_into_email_field() {
    // Write code here that turns the phrase above into concrete actions
    throw new io.cucumber.java.PendingException();
}

	at io.cucumber.core.runtime.TestCaseResultObserver.assertTestCasePassed(TestCaseResultObserver.java:69)
	at io.cucumber.testng.TestCaseResultObserver.assertTestCasePassed(TestCaseResultObserver.java:23)
	at io.cucumber.testng.TestNGCucumberRunner.lambda$runScenario$1(TestNGCucumberRunner.java:136)
	at io.cucumber.core.runtime.CucumberExecutionContext.lambda$runTestCase$5(CucumberExecutionContext.java:136)
	at io.cucumber.core.runtime.RethrowingThrowableCollector.executeAndThrow(RethrowingThrowableCollector.java:23)
	at io.cucumber.core.runtime.CucumberExecutionContext.runTestCase(CucumberExecutionContext.java:136)
	at io.cucumber.testng.TestNGCucumberRunner.runScenario(TestNGCucumberRunner.java:132)
	at io.cucumber.testng.AbstractTestNGCucumberTests.runScenario(AbstractTestNGCucumberTests.java:35)
	at java.base/jdk.internal.reflect.NativeMethodAccessorImpl.invoke0(Native Method)
	at java.base/jdk.internal.reflect.NativeMethodAccessorImpl.invoke(NativeMethodAccessorImpl.java:77)
	at java.base/jdk.internal.reflect.DelegatingMethodAccessorImpl.invoke(DelegatingMethodAccessorImpl.java:43)
	at java.base/java.lang.reflect.Method.invoke(Method.java:568)
	at org.testng.internal.invokers.MethodInvocationHelper.invokeMethod(MethodInvocationHelper.java:141)
	at org.testng.internal.invokers.TestInvoker.invokeMethod(TestInvoker.java:687)
	at org.testng.internal.invokers.TestInvoker.invokeTestMethod(TestInvoker.java:230)
	at org.testng.internal.invokers.TestMethodWithDataProviderMethodWorker.call(TestMethodWithDataProviderMethodWorker.java:81)
	at org.testng.internal.thread.Async$AsyncTask.run(Async.java:34)
	at java.base/java.util.concurrent.ThreadPoolExecutor.runWorker(ThreadPoolExecutor.java:1136)
	at java.base/java.util.concurrent.ThreadPoolExecutor$Worker.run(ThreadPoolExecutor.java:635)
	at java.base/java.lang.Thread.run(Thread.java:833)
</pre></div></td>
<td>49</td>
<td>runner.TestRunner@229c6181</td></tr>
<tr>
<td title='runner.TestRunner.runScenario()'><b>runScenario</b><br>Test class: runner.TestRunner<br>Test method: Runs Cucumber Scenarios<br>Parameters: "User login with valid email id & invalid password", "Login functionality"</td>
<td><div><pre>java.lang.NullPointerException: Cannot invoke &quot;org.openqa.selenium.SearchContext.findElement(org.openqa.selenium.By)&quot; because &quot;this.searchContext&quot; is null
	at org.openqa.selenium.support.pagefactory.DefaultElementLocator.findElement(DefaultElementLocator.java:68)
	at org.openqa.selenium.support.pagefactory.internal.LocatingElementHandler.invoke(LocatingElementHandler.java:38)
	at jdk.proxy2/jdk.proxy2.$Proxy26.toString(Unknown Source)
	at java.base/java.lang.String.valueOf(String.java:4218)
	at utils.ElementUtils.clickOnElement(ElementUtils.java:62)
	at pages.AT_LoginPage.clickOnSignInByMailButton(AT_LoginPage.java:47)
	at stepdefinitions.AT_SD_Login.user_clicks_on_sign_in_with_email_button(AT_SD_Login.java:30)
	at ✽.User clicks on Signup / Login with Email button(file:///D:/Github%20repositories%20folder%20for%20Eclipse/AFP/MMT_V1/src/test/resources/features/AT_Login.feature:35)
</pre></div><a href='#' onClick='toggleBox("stack-trace1007106713", this, "Click to show all stack frames", "Click to hide stack frames")'>Click to show all stack frames</a>
<div class='stack-trace' id='stack-trace1007106713'><pre>java.lang.NullPointerException: Cannot invoke &quot;org.openqa.selenium.SearchContext.findElement(org.openqa.selenium.By)&quot; because &quot;this.searchContext&quot; is null
	at org.openqa.selenium.support.pagefactory.DefaultElementLocator.findElement(DefaultElementLocator.java:68)
	at org.openqa.selenium.support.pagefactory.internal.LocatingElementHandler.invoke(LocatingElementHandler.java:38)
	at jdk.proxy2/jdk.proxy2.$Proxy26.toString(Unknown Source)
	at java.base/java.lang.String.valueOf(String.java:4218)
	at utils.ElementUtils.clickOnElement(ElementUtils.java:62)
	at pages.AT_LoginPage.clickOnSignInByMailButton(AT_LoginPage.java:47)
	at stepdefinitions.AT_SD_Login.user_clicks_on_sign_in_with_email_button(AT_SD_Login.java:30)
	at ✽.User clicks on Signup / Login with Email button(file:///D:/Github%20repositories%20folder%20for%20Eclipse/AFP/MMT_V1/src/test/resources/features/AT_Login.feature:35)
</pre></div></td>
<td>49</td>
<td>runner.TestRunner@229c6181</td></tr>
<tr>
<td title='runner.TestRunner.runScenario()'><b>runScenario</b><br>Test class: runner.TestRunner<br>Test method: Runs Cucumber Scenarios<br>Parameters: "User login with invalid email id & invalid password", "Login functionality"</td>
<td><div><pre>java.lang.NullPointerException: Cannot invoke &quot;org.openqa.selenium.SearchContext.findElement(org.openqa.selenium.By)&quot; because &quot;this.searchContext&quot; is null
	at org.openqa.selenium.support.pagefactory.DefaultElementLocator.findElement(DefaultElementLocator.java:68)
	at org.openqa.selenium.support.pagefactory.internal.LocatingElementHandler.invoke(LocatingElementHandler.java:38)
	at jdk.proxy2/jdk.proxy2.$Proxy26.toString(Unknown Source)
	at java.base/java.lang.String.valueOf(String.java:4218)
	at utils.ElementUtils.clickOnElement(ElementUtils.java:62)
	at pages.AT_LoginPage.clickOnSignInByMailButton(AT_LoginPage.java:47)
	at stepdefinitions.AT_SD_Login.user_clicks_on_sign_in_with_email_button(AT_SD_Login.java:30)
	at ✽.User clicks on Signup / Login with Email button(file:///D:/Github%20repositories%20folder%20for%20Eclipse/AFP/MMT_V1/src/test/resources/features/AT_Login.feature:49)
</pre></div><a href='#' onClick='toggleBox("stack-trace1153256274", this, "Click to show all stack frames", "Click to hide stack frames")'>Click to show all stack frames</a>
<div class='stack-trace' id='stack-trace1153256274'><pre>java.lang.NullPointerException: Cannot invoke &quot;org.openqa.selenium.SearchContext.findElement(org.openqa.selenium.By)&quot; because &quot;this.searchContext&quot; is null
	at org.openqa.selenium.support.pagefactory.DefaultElementLocator.findElement(DefaultElementLocator.java:68)
	at org.openqa.selenium.support.pagefactory.internal.LocatingElementHandler.invoke(LocatingElementHandler.java:38)
	at jdk.proxy2/jdk.proxy2.$Proxy26.toString(Unknown Source)
	at java.base/java.lang.String.valueOf(String.java:4218)
	at utils.ElementUtils.clickOnElement(ElementUtils.java:62)
	at pages.AT_LoginPage.clickOnSignInByMailButton(AT_LoginPage.java:47)
	at stepdefinitions.AT_SD_Login.user_clicks_on_sign_in_with_email_button(AT_SD_Login.java:30)
	at ✽.User clicks on Signup / Login with Email button(file:///D:/Github%20repositories%20folder%20for%20Eclipse/AFP/MMT_V1/src/test/resources/features/AT_Login.feature:49)
</pre></div></td>
<td>49</td>
<td>runner.TestRunner@229c6181</td></tr>
</table><p>
</body>
</html>